This file contains any messages produced by compilers while
running configure, to aid debugging if configure makes a mistake.

It was created by configure, which was
generated by GNU Autoconf 2.53.  Invocation command line was

  $ ./configure 

## --------- ##
## Platform. ##
## --------- ##

hostname = nick-browns-macbook-pro.local
uname -m = x86_64
uname -r = 11.4.2
uname -s = Darwin
uname -v = Darwin Kernel Version 11.4.2: Thu Aug 23 16:25:48 PDT 2012; root:xnu-1699.32.7~1/RELEASE_X86_64

/usr/bin/uname -p = i386
/bin/uname -X     = unknown

/bin/arch              = unknown
/usr/bin/arch -k       = unknown
/usr/convex/getsysinfo = unknown
hostinfo               = Mach kernel version:
	 Darwin Kernel Version 11.4.2: Thu Aug 23 16:25:48 PDT 2012; root:xnu-1699.32.7~1/RELEASE_X86_64
Kernel configured for up to 2 processors.
2 processors are physically available.
2 processors are logically available.
Processor type: i486 (Intel 80486)
Processors active: 0 1
Primary memory available: 6.00 gigabytes
Default processor set: 117 tasks, 690 threads, 2 processors
Load average: 0.50, Mach factor: 1.49
/bin/machine           = unknown
/usr/bin/oslevel       = unknown
/bin/universe          = unknown

PATH: /usr/local/mysql/bin
PATH: /opt/local/apache2/bin
PATH: /opt/local/bin
PATH: /opt/local/sbin
PATH: /usr/bin
PATH: /bin
PATH: /usr/sbin
PATH: /sbin
PATH: /usr/local/bin
PATH: /usr/X11/bin


## ----------- ##
## Core tests. ##
## ----------- ##

configure:1187: checking for gcc
configure:1203: found /usr/bin/gcc
configure:1213: result: gcc
configure:1457: checking for C compiler version
configure:1460: gcc --version </dev/null >&5
i686-apple-darwin11-llvm-gcc-4.2 (GCC) 4.2.1 (Based on Apple Inc. build 5658) (LLVM build 2336.11.00)
Copyright (C) 2007 Free Software Foundation, Inc.
This is free software; see the source for copying conditions.  There is NO
warranty; not even for MERCHANTABILITY or FITNESS FOR A PARTICULAR PURPOSE.

configure:1463: $? = 0
configure:1465: gcc -v </dev/null >&5
Using built-in specs.
Target: i686-apple-darwin11
Configured with: /private/var/tmp/llvmgcc42/llvmgcc42-2336.11~182/src/configure --disable-checking --enable-werror --prefix=/Applications/Xcode.app/Contents/Developer/usr/llvm-gcc-4.2 --mandir=/share/man --enable-languages=c,objc,c++,obj-c++ --program-prefix=llvm- --program-transform-name=/^[cg][^.-]*$/s/$/-4.2/ --with-slibdir=/usr/lib --build=i686-apple-darwin11 --enable-llvm=/private/var/tmp/llvmgcc42/llvmgcc42-2336.11~182/dst-llvmCore/Developer/usr/local --program-prefix=i686-apple-darwin11- --host=x86_64-apple-darwin11 --target=i686-apple-darwin11 --with-gxx-include-dir=/usr/include/c++/4.2.1
Thread model: posix
gcc version 4.2.1 (Based on Apple Inc. build 5658) (LLVM build 2336.11.00)
configure:1468: $? = 0
configure:1470: gcc -V </dev/null >&5
llvm-gcc-4.2: argument to `-V' is missing
configure:1473: $? = 1
configure:1499: checking for C compiler default output
configure:1502: gcc    conftest.c  >&5
configure:1505: $? = 0
configure:1538: result: a.out
configure:1543: checking whether the C compiler works
configure:1549: ./a.out
configure:1552: $? = 0
configure:1567: result: yes
configure:1574: checking whether we are cross compiling
configure:1576: result: no
configure:1579: checking for suffix of executables
configure:1581: gcc -o conftest    conftest.c  >&5
configure:1584: $? = 0
configure:1606: result: 
configure:1612: checking for suffix of object files
configure:1636: gcc -c   conftest.c >&5
configure:1639: $? = 0
configure:1658: result: o
configure:1662: checking whether we are using the GNU C compiler
configure:1689: gcc -c   conftest.c >&5
configure:1692: $? = 0
configure:1695: test -s conftest.o
configure:1698: $? = 0
configure:1710: result: yes
configure:1716: checking whether gcc accepts -g
configure:1740: gcc -c -g  conftest.c >&5
configure:1743: $? = 0
configure:1746: test -s conftest.o
configure:1749: $? = 0
configure:1759: result: yes
configure:1786: gcc -c -g -O2  conftest.c >&5
conftest.c:2: error: expected '=', ',', ';', 'asm' or '__attribute__' before 'me'
configure:1789: $? = 1
configure: failed program was:
#ifndef __cplusplus
  choke me
#endif
configure:1930: checking build system type
configure:1948: result: i386-apple-darwin11.4.2
configure:1956: checking host system type
configure:1970: result: i386-apple-darwin11.4.2

## ---------------- ##
## Cache variables. ##
## ---------------- ##

ac_cv_build=i386-apple-darwin11.4.2
ac_cv_build_alias=i386-apple-darwin11.4.2
ac_cv_c_compiler_gnu=yes
ac_cv_env_CC_set=
ac_cv_env_CC_value=
ac_cv_env_CFLAGS_set=
ac_cv_env_CFLAGS_value=
ac_cv_env_CPPFLAGS_set=
ac_cv_env_CPPFLAGS_value=
ac_cv_env_LDFLAGS_set=
ac_cv_env_LDFLAGS_value=
ac_cv_env_build_alias_set=
ac_cv_env_build_alias_value=
ac_cv_env_host_alias_set=
ac_cv_env_host_alias_value=
ac_cv_env_target_alias_set=
ac_cv_env_target_alias_value=
ac_cv_exeext=
ac_cv_host=i386-apple-darwin11.4.2
ac_cv_host_alias=i386-apple-darwin11.4.2
ac_cv_objext=o
ac_cv_prog_ac_ct_CC=gcc
ac_cv_prog_cc_g=yes

## ----------- ##
## confdefs.h. ##
## ----------- ##

#define PACKAGE_NAME ""
#define PACKAGE_TARNAME ""
#define PACKAGE_VERSION ""
#define PACKAGE_STRING ""
#define PACKAGE_BUGREPORT ""

configure: exit 0
